{"C:\\Users\\mateus\\projetos\\portfolio\\backend\\controllers\\AgendamentoController.js": {"path":"C:\\Users\\mateus\\projetos\\portfolio\\backend\\controllers\\AgendamentoController.js","statementMap":{"0":{"start":{"line":1,"column":16},"end":{"line":1,"column":44}},"1":{"start":{"line":2,"column":16},"end":{"line":2,"column":44}},"2":{"start":{"line":3,"column":20},"end":{"line":3,"column":52}},"3":{"start":{"line":4,"column":20},"end":{"line":4,"column":52}},"4":{"start":{"line":6,"column":0},"end":{"line":87,"column":1}},"5":{"start":{"line":10,"column":22},"end":{"line":10,"column":67}},"6":{"start":{"line":11,"column":8},"end":{"line":11,"column":49}},"7":{"start":{"line":13,"column":28},"end":{"line":20,"column":9}},"8":{"start":{"line":22,"column":34},"end":{"line":22,"column":71}},"9":{"start":{"line":23,"column":8},"end":{"line":23,"column":42}},"10":{"start":{"line":29,"column":8},"end":{"line":54,"column":9}},"11":{"start":{"line":31,"column":30},"end":{"line":47,"column":14}},"12":{"start":{"line":48,"column":12},"end":{"line":48,"column":38}},"13":{"start":{"line":52,"column":12},"end":{"line":52,"column":30}},"14":{"start":{"line":60,"column":28},"end":{"line":60,"column":107}},"15":{"start":{"line":62,"column":22},"end":{"line":62,"column":67}},"16":{"start":{"line":63,"column":8},"end":{"line":63,"column":49}},"17":{"start":{"line":64,"column":25},"end":{"line":64,"column":42}},"18":{"start":{"line":65,"column":8},"end":{"line":65,"column":57}},"19":{"start":{"line":67,"column":8},"end":{"line":67,"column":52}},"20":{"start":{"line":68,"column":8},"end":{"line":68,"column":52}},"21":{"start":{"line":69,"column":8},"end":{"line":69,"column":60}},"22":{"start":{"line":70,"column":8},"end":{"line":70,"column":56}},"23":{"start":{"line":71,"column":8},"end":{"line":71,"column":57}},"24":{"start":{"line":73,"column":8},"end":{"line":73,"column":32}},"25":{"start":{"line":75,"column":8},"end":{"line":75,"column":36}},"26":{"start":{"line":81,"column":8},"end":{"line":81,"column":87}},"27":{"start":{"line":83,"column":8},"end":{"line":83,"column":85}}},"fnMap":{"0":{"name":"(anonymous_0)","decl":{"start":{"line":8,"column":4},"end":{"line":8,"column":5}},"loc":{"start":{"line":8,"column":27},"end":{"line":25,"column":5}},"line":8},"1":{"name":"(anonymous_1)","decl":{"start":{"line":27,"column":4},"end":{"line":27,"column":5}},"loc":{"start":{"line":27,"column":25},"end":{"line":56,"column":5}},"line":27},"2":{"name":"(anonymous_2)","decl":{"start":{"line":58,"column":4},"end":{"line":58,"column":5}},"loc":{"start":{"line":58,"column":27},"end":{"line":77,"column":5}},"line":58},"3":{"name":"(anonymous_3)","decl":{"start":{"line":79,"column":4},"end":{"line":79,"column":5}},"loc":{"start":{"line":79,"column":27},"end":{"line":85,"column":5}},"line":79}},"branchMap":{},"s":{"0":1,"1":1,"2":1,"3":1,"4":1,"5":1,"6":1,"7":1,"8":1,"9":0,"10":1,"11":1,"12":0,"13":1,"14":1,"15":0,"16":0,"17":0,"18":0,"19":0,"20":0,"21":0,"22":0,"23":0,"24":0,"25":0,"26":1,"27":0},"f":{"0":1,"1":1,"2":1,"3":1},"b":{},"_coverageSchema":"1a1c01bbd47fc00a2c39e90264f33305004495a9","hash":"a5b768786a17284e25b5567176f3d01ecabe1b52"}
,"C:\\Users\\mateus\\projetos\\portfolio\\backend\\controllers\\ClienteController.js": {"path":"C:\\Users\\mateus\\projetos\\portfolio\\backend\\controllers\\ClienteController.js","statementMap":{"0":{"start":{"line":1,"column":16},"end":{"line":1,"column":44}},"1":{"start":{"line":3,"column":0},"end":{"line":54,"column":1}},"2":{"start":{"line":7,"column":24},"end":{"line":11,"column":9}},"3":{"start":{"line":13,"column":26},"end":{"line":13,"column":55}},"4":{"start":{"line":14,"column":8},"end":{"line":14,"column":34}},"5":{"start":{"line":20,"column":8},"end":{"line":26,"column":9}},"6":{"start":{"line":21,"column":30},"end":{"line":21,"column":53}},"7":{"start":{"line":23,"column":12},"end":{"line":23,"column":38}},"8":{"start":{"line":25,"column":12},"end":{"line":25,"column":30}},"9":{"start":{"line":32,"column":24},"end":{"line":32,"column":91}},"10":{"start":{"line":34,"column":8},"end":{"line":34,"column":52}},"11":{"start":{"line":35,"column":8},"end":{"line":35,"column":58}},"12":{"start":{"line":36,"column":8},"end":{"line":36,"column":50}},"13":{"start":{"line":38,"column":8},"end":{"line":38,"column":28}},"14":{"start":{"line":40,"column":8},"end":{"line":40,"column":32}},"15":{"start":{"line":45,"column":8},"end":{"line":51,"column":9}},"16":{"start":{"line":46,"column":12},"end":{"line":46,"column":79}},"17":{"start":{"line":48,"column":12},"end":{"line":48,"column":83}},"18":{"start":{"line":50,"column":12},"end":{"line":50,"column":30}}},"fnMap":{"0":{"name":"(anonymous_0)","decl":{"start":{"line":5,"column":4},"end":{"line":5,"column":5}},"loc":{"start":{"line":5,"column":27},"end":{"line":16,"column":5}},"line":5},"1":{"name":"(anonymous_1)","decl":{"start":{"line":18,"column":4},"end":{"line":18,"column":5}},"loc":{"start":{"line":18,"column":25},"end":{"line":28,"column":5}},"line":18},"2":{"name":"(anonymous_2)","decl":{"start":{"line":30,"column":4},"end":{"line":30,"column":5}},"loc":{"start":{"line":30,"column":27},"end":{"line":42,"column":5}},"line":30},"3":{"name":"(anonymous_3)","decl":{"start":{"line":44,"column":4},"end":{"line":44,"column":5}},"loc":{"start":{"line":44,"column":27},"end":{"line":52,"column":5}},"line":44}},"branchMap":{},"s":{"0":1,"1":1,"2":1,"3":1,"4":0,"5":1,"6":1,"7":0,"8":1,"9":1,"10":0,"11":0,"12":0,"13":0,"14":0,"15":1,"16":1,"17":0,"18":1},"f":{"0":1,"1":1,"2":1,"3":1},"b":{},"_coverageSchema":"1a1c01bbd47fc00a2c39e90264f33305004495a9","hash":"8161fdf799b4b090a1668b86b47467d4d24566b8"}
,"C:\\Users\\mateus\\projetos\\portfolio\\backend\\controllers\\ComissoesController.js": {"path":"C:\\Users\\mateus\\projetos\\portfolio\\backend\\controllers\\ComissoesController.js","statementMap":{"0":{"start":{"line":1,"column":20},"end":{"line":1,"column":52}},"1":{"start":{"line":2,"column":18},"end":{"line":2,"column":48}},"2":{"start":{"line":3,"column":16},"end":{"line":3,"column":44}},"3":{"start":{"line":4,"column":15},"end":{"line":4,"column":35}},"4":{"start":{"line":6,"column":0},"end":{"line":45,"column":1}},"5":{"start":{"line":10,"column":54},"end":{"line":10,"column":63}},"6":{"start":{"line":12,"column":29},"end":{"line":19,"column":10}},"7":{"start":{"line":21,"column":32},"end":{"line":21,"column":91}},"8":{"start":{"line":21,"column":64},"end":{"line":21,"column":90}},"9":{"start":{"line":23,"column":27},"end":{"line":39,"column":10}},"10":{"start":{"line":41,"column":8},"end":{"line":41,"column":35}}},"fnMap":{"0":{"name":"(anonymous_0)","decl":{"start":{"line":8,"column":4},"end":{"line":8,"column":5}},"loc":{"start":{"line":8,"column":25},"end":{"line":43,"column":5}},"line":8},"1":{"name":"(anonymous_1)","decl":{"start":{"line":21,"column":49},"end":{"line":21,"column":50}},"loc":{"start":{"line":21,"column":64},"end":{"line":21,"column":90}},"line":21}},"branchMap":{},"s":{"0":1,"1":1,"2":1,"3":1,"4":1,"5":2,"6":2,"7":0,"8":0,"9":0,"10":0},"f":{"0":2,"1":0},"b":{},"_coverageSchema":"1a1c01bbd47fc00a2c39e90264f33305004495a9","hash":"7a8c2712555eeda8732a39c38673bd880825e88c"}
,"C:\\Users\\mateus\\projetos\\portfolio\\backend\\controllers\\FuncionarioController.js": {"path":"C:\\Users\\mateus\\projetos\\portfolio\\backend\\controllers\\FuncionarioController.js","statementMap":{"0":{"start":{"line":1,"column":20},"end":{"line":1,"column":52}},"1":{"start":{"line":3,"column":0},"end":{"line":54,"column":1}},"2":{"start":{"line":7,"column":28},"end":{"line":11,"column":9}},"3":{"start":{"line":13,"column":26},"end":{"line":13,"column":63}},"4":{"start":{"line":14,"column":8},"end":{"line":14,"column":34}},"5":{"start":{"line":20,"column":8},"end":{"line":26,"column":9}},"6":{"start":{"line":21,"column":30},"end":{"line":21,"column":57}},"7":{"start":{"line":23,"column":12},"end":{"line":23,"column":38}},"8":{"start":{"line":25,"column":12},"end":{"line":25,"column":30}},"9":{"start":{"line":32,"column":28},"end":{"line":32,"column":107}},"10":{"start":{"line":34,"column":8},"end":{"line":34,"column":64}},"11":{"start":{"line":35,"column":8},"end":{"line":35,"column":70}},"12":{"start":{"line":36,"column":8},"end":{"line":36,"column":61}},"13":{"start":{"line":38,"column":8},"end":{"line":38,"column":32}},"14":{"start":{"line":40,"column":8},"end":{"line":40,"column":36}},"15":{"start":{"line":45,"column":8},"end":{"line":51,"column":9}},"16":{"start":{"line":46,"column":12},"end":{"line":46,"column":91}},"17":{"start":{"line":48,"column":12},"end":{"line":48,"column":87}},"18":{"start":{"line":50,"column":12},"end":{"line":50,"column":30}}},"fnMap":{"0":{"name":"(anonymous_0)","decl":{"start":{"line":5,"column":4},"end":{"line":5,"column":5}},"loc":{"start":{"line":5,"column":27},"end":{"line":16,"column":5}},"line":5},"1":{"name":"(anonymous_1)","decl":{"start":{"line":18,"column":4},"end":{"line":18,"column":5}},"loc":{"start":{"line":18,"column":25},"end":{"line":28,"column":5}},"line":18},"2":{"name":"(anonymous_2)","decl":{"start":{"line":30,"column":4},"end":{"line":30,"column":5}},"loc":{"start":{"line":30,"column":27},"end":{"line":42,"column":5}},"line":30},"3":{"name":"(anonymous_3)","decl":{"start":{"line":44,"column":4},"end":{"line":44,"column":5}},"loc":{"start":{"line":44,"column":27},"end":{"line":52,"column":5}},"line":44}},"branchMap":{},"s":{"0":1,"1":1,"2":1,"3":1,"4":0,"5":1,"6":1,"7":0,"8":1,"9":1,"10":0,"11":0,"12":0,"13":0,"14":0,"15":1,"16":1,"17":0,"18":1},"f":{"0":1,"1":1,"2":1,"3":1},"b":{},"_coverageSchema":"1a1c01bbd47fc00a2c39e90264f33305004495a9","hash":"f2111b544cce53858a0dacf256219b3208cdcd72"}
,"C:\\Users\\mateus\\projetos\\portfolio\\backend\\controllers\\PagamentoController.js": {"path":"C:\\Users\\mateus\\projetos\\portfolio\\backend\\controllers\\PagamentoController.js","statementMap":{"0":{"start":{"line":1,"column":20},"end":{"line":1,"column":52}},"1":{"start":{"line":2,"column":18},"end":{"line":2,"column":48}},"2":{"start":{"line":4,"column":0},"end":{"line":117,"column":1}},"3":{"start":{"line":8,"column":26},"end":{"line":14,"column":9}},"4":{"start":{"line":16,"column":32},"end":{"line":16,"column":65}},"5":{"start":{"line":18,"column":28},"end":{"line":18,"column":105}},"6":{"start":{"line":19,"column":8},"end":{"line":19,"column":28}},"7":{"start":{"line":20,"column":8},"end":{"line":20,"column":32}},"8":{"start":{"line":22,"column":8},"end":{"line":22,"column":40}},"9":{"start":{"line":28,"column":12},"end":{"line":85,"column":13}},"10":{"start":{"line":29,"column":16},"end":{"line":47,"column":17}},"11":{"start":{"line":31,"column":38},"end":{"line":40,"column":22}},"12":{"start":{"line":41,"column":20},"end":{"line":41,"column":46}},"13":{"start":{"line":45,"column":20},"end":{"line":45,"column":38}},"14":{"start":{"line":48,"column":19},"end":{"line":85,"column":13}},"15":{"start":{"line":49,"column":16},"end":{"line":67,"column":17}},"16":{"start":{"line":51,"column":38},"end":{"line":60,"column":22}},"17":{"start":{"line":61,"column":20},"end":{"line":61,"column":46}},"18":{"start":{"line":65,"column":20},"end":{"line":65,"column":38}},"19":{"start":{"line":69,"column":16},"end":{"line":84,"column":17}},"20":{"start":{"line":71,"column":38},"end":{"line":77,"column":22}},"21":{"start":{"line":78,"column":20},"end":{"line":78,"column":46}},"22":{"start":{"line":82,"column":20},"end":{"line":82,"column":38}},"23":{"start":{"line":91,"column":26},"end":{"line":91,"column":99}},"24":{"start":{"line":93,"column":8},"end":{"line":93,"column":54}},"25":{"start":{"line":94,"column":8},"end":{"line":94,"column":60}},"26":{"start":{"line":95,"column":8},"end":{"line":95,"column":46}},"27":{"start":{"line":96,"column":8},"end":{"line":96,"column":62}},"28":{"start":{"line":97,"column":8},"end":{"line":97,"column":58}},"29":{"start":{"line":99,"column":8},"end":{"line":99,"column":30}},"30":{"start":{"line":101,"column":8},"end":{"line":101,"column":34}},"31":{"start":{"line":107,"column":8},"end":{"line":107,"column":81}},"32":{"start":{"line":113,"column":8},"end":{"line":113,"column":83}}},"fnMap":{"0":{"name":"(anonymous_0)","decl":{"start":{"line":6,"column":4},"end":{"line":6,"column":5}},"loc":{"start":{"line":6,"column":27},"end":{"line":24,"column":5}},"line":6},"1":{"name":"(anonymous_1)","decl":{"start":{"line":26,"column":4},"end":{"line":26,"column":5}},"loc":{"start":{"line":26,"column":25},"end":{"line":87,"column":5}},"line":26},"2":{"name":"(anonymous_2)","decl":{"start":{"line":89,"column":4},"end":{"line":89,"column":5}},"loc":{"start":{"line":89,"column":27},"end":{"line":103,"column":5}},"line":89},"3":{"name":"(anonymous_3)","decl":{"start":{"line":105,"column":4},"end":{"line":105,"column":5}},"loc":{"start":{"line":105,"column":27},"end":{"line":115,"column":5}},"line":105}},"branchMap":{"0":{"loc":{"start":{"line":28,"column":12},"end":{"line":85,"column":13}},"type":"if","locations":[{"start":{"line":28,"column":12},"end":{"line":85,"column":13}},{"start":{"line":48,"column":19},"end":{"line":85,"column":13}}],"line":28},"1":{"loc":{"start":{"line":48,"column":19},"end":{"line":85,"column":13}},"type":"if","locations":[{"start":{"line":48,"column":19},"end":{"line":85,"column":13}},{"start":{"line":68,"column":19},"end":{"line":85,"column":13}}],"line":48}},"s":{"0":1,"1":1,"2":1,"3":1,"4":1,"5":0,"6":0,"7":0,"8":0,"9":1,"10":0,"11":0,"12":0,"13":0,"14":0,"15":0,"16":0,"17":0,"18":0,"19":0,"20":0,"21":0,"22":0,"23":1,"24":0,"25":0,"26":0,"27":0,"28":0,"29":0,"30":0,"31":1,"32":0},"f":{"0":1,"1":1,"2":1,"3":1},"b":{"0":[0,0],"1":[0,0]},"_coverageSchema":"1a1c01bbd47fc00a2c39e90264f33305004495a9","hash":"7079f92ba93a3ef17232a22340628410fb8346b8"}
,"C:\\Users\\mateus\\projetos\\portfolio\\backend\\controllers\\RelatorioPagamentoController.js": {"path":"C:\\Users\\mateus\\projetos\\portfolio\\backend\\controllers\\RelatorioPagamentoController.js","statementMap":{"0":{"start":{"line":1,"column":20},"end":{"line":1,"column":52}},"1":{"start":{"line":2,"column":18},"end":{"line":2,"column":48}},"2":{"start":{"line":3,"column":16},"end":{"line":3,"column":44}},"3":{"start":{"line":4,"column":15},"end":{"line":4,"column":35}},"4":{"start":{"line":6,"column":0},"end":{"line":45,"column":1}},"5":{"start":{"line":10,"column":58},"end":{"line":10,"column":67}},"6":{"start":{"line":12,"column":29},"end":{"line":18,"column":10}},"7":{"start":{"line":20,"column":32},"end":{"line":20,"column":91}},"8":{"start":{"line":20,"column":64},"end":{"line":20,"column":90}},"9":{"start":{"line":22,"column":27},"end":{"line":39,"column":10}},"10":{"start":{"line":41,"column":8},"end":{"line":41,"column":35}}},"fnMap":{"0":{"name":"(anonymous_0)","decl":{"start":{"line":8,"column":4},"end":{"line":8,"column":5}},"loc":{"start":{"line":8,"column":25},"end":{"line":43,"column":5}},"line":8},"1":{"name":"(anonymous_1)","decl":{"start":{"line":20,"column":49},"end":{"line":20,"column":50}},"loc":{"start":{"line":20,"column":64},"end":{"line":20,"column":90}},"line":20}},"branchMap":{},"s":{"0":1,"1":1,"2":1,"3":1,"4":1,"5":2,"6":2,"7":0,"8":0,"9":0,"10":0},"f":{"0":2,"1":0},"b":{},"_coverageSchema":"1a1c01bbd47fc00a2c39e90264f33305004495a9","hash":"adf4181ecfecd1244617ba2f6aaa237f408a253c"}
,"C:\\Users\\mateus\\projetos\\portfolio\\backend\\controllers\\ServicoController.js": {"path":"C:\\Users\\mateus\\projetos\\portfolio\\backend\\controllers\\ServicoController.js","statementMap":{"0":{"start":{"line":1,"column":16},"end":{"line":1,"column":44}},"1":{"start":{"line":3,"column":0},"end":{"line":54,"column":1}},"2":{"start":{"line":7,"column":24},"end":{"line":11,"column":9}},"3":{"start":{"line":13,"column":26},"end":{"line":13,"column":55}},"4":{"start":{"line":14,"column":8},"end":{"line":14,"column":34}},"5":{"start":{"line":20,"column":8},"end":{"line":26,"column":9}},"6":{"start":{"line":21,"column":30},"end":{"line":21,"column":53}},"7":{"start":{"line":23,"column":12},"end":{"line":23,"column":38}},"8":{"start":{"line":25,"column":12},"end":{"line":25,"column":30}},"9":{"start":{"line":32,"column":24},"end":{"line":32,"column":91}},"10":{"start":{"line":34,"column":8},"end":{"line":34,"column":52}},"11":{"start":{"line":35,"column":8},"end":{"line":35,"column":54}},"12":{"start":{"line":36,"column":8},"end":{"line":36,"column":60}},"13":{"start":{"line":38,"column":8},"end":{"line":38,"column":28}},"14":{"start":{"line":40,"column":8},"end":{"line":40,"column":32}},"15":{"start":{"line":45,"column":8},"end":{"line":51,"column":9}},"16":{"start":{"line":46,"column":12},"end":{"line":46,"column":79}},"17":{"start":{"line":48,"column":12},"end":{"line":48,"column":83}},"18":{"start":{"line":50,"column":12},"end":{"line":50,"column":30}}},"fnMap":{"0":{"name":"(anonymous_0)","decl":{"start":{"line":5,"column":4},"end":{"line":5,"column":5}},"loc":{"start":{"line":5,"column":27},"end":{"line":16,"column":5}},"line":5},"1":{"name":"(anonymous_1)","decl":{"start":{"line":18,"column":4},"end":{"line":18,"column":5}},"loc":{"start":{"line":18,"column":25},"end":{"line":28,"column":5}},"line":18},"2":{"name":"(anonymous_2)","decl":{"start":{"line":30,"column":4},"end":{"line":30,"column":5}},"loc":{"start":{"line":30,"column":27},"end":{"line":42,"column":5}},"line":30},"3":{"name":"(anonymous_3)","decl":{"start":{"line":44,"column":4},"end":{"line":44,"column":5}},"loc":{"start":{"line":44,"column":27},"end":{"line":52,"column":5}},"line":44}},"branchMap":{},"s":{"0":1,"1":1,"2":1,"3":1,"4":0,"5":1,"6":1,"7":0,"8":1,"9":1,"10":0,"11":0,"12":0,"13":0,"14":0,"15":1,"16":1,"17":0,"18":1},"f":{"0":1,"1":1,"2":1,"3":1},"b":{},"_coverageSchema":"1a1c01bbd47fc00a2c39e90264f33305004495a9","hash":"054e1c321050903c723a54f396723b7268f53894"}
,"C:\\Users\\mateus\\projetos\\portfolio\\backend\\database\\connection.js": {"path":"C:\\Users\\mateus\\projetos\\portfolio\\backend\\database\\connection.js","statementMap":{"0":{"start":{"line":1,"column":18},"end":{"line":1,"column":38}},"1":{"start":{"line":2,"column":17},"end":{"line":2,"column":38}},"2":{"start":{"line":4,"column":19},"end":{"line":4,"column":42}},"3":{"start":{"line":6,"column":0},"end":{"line":6,"column":27}}},"fnMap":{},"branchMap":{},"s":{"0":7,"1":7,"2":7,"3":7},"f":{},"b":{},"_coverageSchema":"1a1c01bbd47fc00a2c39e90264f33305004495a9","hash":"7f6144a1e2f47919c045154925d230a12d42be5f"}
,"C:\\Users\\mateus\\projetos\\portfolio\\backend\\database\\database.js": {"path":"C:\\Users\\mateus\\projetos\\portfolio\\backend\\database\\database.js","statementMap":{"0":{"start":{"line":1,"column":0},"end":{"line":21,"column":1}},"1":{"start":{"line":2,"column":4},"end":{"line":10,"column":5}},"2":{"start":{"line":12,"column":4},"end":{"line":20,"column":5}}},"fnMap":{},"branchMap":{"0":{"loc":{"start":{"line":1,"column":0},"end":{"line":21,"column":1}},"type":"if","locations":[{"start":{"line":1,"column":0},"end":{"line":21,"column":1}},{"start":{"line":11,"column":7},"end":{"line":21,"column":1}}],"line":1}},"s":{"0":7,"1":0,"2":7},"f":{},"b":{"0":[0,7]},"_coverageSchema":"1a1c01bbd47fc00a2c39e90264f33305004495a9","hash":"a8bb03c55f87bf6f1646d7e725740458a0b36300"}
,"C:\\Users\\mateus\\projetos\\portfolio\\backend\\models\\Agendamento.js": {"path":"C:\\Users\\mateus\\projetos\\portfolio\\backend\\models\\Agendamento.js","statementMap":{"0":{"start":{"line":1,"column":33},"end":{"line":1,"column":53}},"1":{"start":{"line":2,"column":18},"end":{"line":2,"column":51}},"2":{"start":{"line":4,"column":16},"end":{"line":4,"column":36}},"3":{"start":{"line":5,"column":16},"end":{"line":5,"column":36}},"4":{"start":{"line":6,"column":20},"end":{"line":6,"column":44}},"5":{"start":{"line":8,"column":20},"end":{"line":44,"column":2}},"6":{"start":{"line":46,"column":0},"end":{"line":46,"column":73}},"7":{"start":{"line":47,"column":0},"end":{"line":47,"column":73}},"8":{"start":{"line":48,"column":0},"end":{"line":48,"column":85}},"9":{"start":{"line":50,"column":0},"end":{"line":50,"column":28}}},"fnMap":{},"branchMap":{},"s":{"0":4,"1":4,"2":4,"3":4,"4":4,"5":4,"6":4,"7":4,"8":4,"9":4},"f":{},"b":{},"_coverageSchema":"1a1c01bbd47fc00a2c39e90264f33305004495a9","hash":"be511363059b5a919de1f12b700e9dbc5569f98d"}
,"C:\\Users\\mateus\\projetos\\portfolio\\backend\\models\\Cliente.js": {"path":"C:\\Users\\mateus\\projetos\\portfolio\\backend\\models\\Cliente.js","statementMap":{"0":{"start":{"line":1,"column":33},"end":{"line":1,"column":53}},"1":{"start":{"line":2,"column":18},"end":{"line":2,"column":51}},"2":{"start":{"line":4,"column":16},"end":{"line":28,"column":2}},"3":{"start":{"line":30,"column":0},"end":{"line":30,"column":24}}},"fnMap":{},"branchMap":{},"s":{"0":5,"1":5,"2":5,"3":5},"f":{},"b":{},"_coverageSchema":"1a1c01bbd47fc00a2c39e90264f33305004495a9","hash":"88dbe53153263ceeb98cfebb559376c6874f281e"}
,"C:\\Users\\mateus\\projetos\\portfolio\\backend\\models\\Funcionario.js": {"path":"C:\\Users\\mateus\\projetos\\portfolio\\backend\\models\\Funcionario.js","statementMap":{"0":{"start":{"line":1,"column":33},"end":{"line":1,"column":53}},"1":{"start":{"line":2,"column":18},"end":{"line":2,"column":51}},"2":{"start":{"line":4,"column":20},"end":{"line":28,"column":2}},"3":{"start":{"line":30,"column":0},"end":{"line":30,"column":28}}},"fnMap":{},"branchMap":{},"s":{"0":5,"1":5,"2":5,"3":5},"f":{},"b":{},"_coverageSchema":"1a1c01bbd47fc00a2c39e90264f33305004495a9","hash":"e4ef47a63a9ca98bd22f1cd33919ee27891d9d2b"}
,"C:\\Users\\mateus\\projetos\\portfolio\\backend\\models\\Pagamento.js": {"path":"C:\\Users\\mateus\\projetos\\portfolio\\backend\\models\\Pagamento.js","statementMap":{"0":{"start":{"line":1,"column":33},"end":{"line":1,"column":53}},"1":{"start":{"line":2,"column":18},"end":{"line":2,"column":51}},"2":{"start":{"line":4,"column":20},"end":{"line":4,"column":44}},"3":{"start":{"line":6,"column":18},"end":{"line":38,"column":2}},"4":{"start":{"line":40,"column":0},"end":{"line":40,"column":83}},"5":{"start":{"line":42,"column":0},"end":{"line":42,"column":26}}},"fnMap":{},"branchMap":{},"s":{"0":3,"1":3,"2":3,"3":3,"4":3,"5":3},"f":{},"b":{},"_coverageSchema":"1a1c01bbd47fc00a2c39e90264f33305004495a9","hash":"e2e909ac4df01449fec41072427cfc1da8b8b3ff"}
,"C:\\Users\\mateus\\projetos\\portfolio\\backend\\models\\Servico.js": {"path":"C:\\Users\\mateus\\projetos\\portfolio\\backend\\models\\Servico.js","statementMap":{"0":{"start":{"line":1,"column":33},"end":{"line":1,"column":53}},"1":{"start":{"line":2,"column":18},"end":{"line":2,"column":51}},"2":{"start":{"line":4,"column":16},"end":{"line":28,"column":2}},"3":{"start":{"line":30,"column":0},"end":{"line":30,"column":24}}},"fnMap":{},"branchMap":{},"s":{"0":5,"1":5,"2":5,"3":5},"f":{},"b":{},"_coverageSchema":"1a1c01bbd47fc00a2c39e90264f33305004495a9","hash":"27009537c518ff49ce48de399fde2542da732aef"}
}
