{"D:\\outros-projetos\\portfolio\\backend\\controllers\\AgendamentoController.js": {"path":"D:\\outros-projetos\\portfolio\\backend\\controllers\\AgendamentoController.js","statementMap":{"0":{"start":{"line":1,"column":16},"end":{"line":1,"column":44}},"1":{"start":{"line":2,"column":16},"end":{"line":2,"column":44}},"2":{"start":{"line":3,"column":20},"end":{"line":3,"column":52}},"3":{"start":{"line":4,"column":20},"end":{"line":4,"column":52}},"4":{"start":{"line":6,"column":0},"end":{"line":87,"column":1}},"5":{"start":{"line":10,"column":22},"end":{"line":10,"column":67}},"6":{"start":{"line":11,"column":8},"end":{"line":11,"column":49}},"7":{"start":{"line":13,"column":28},"end":{"line":20,"column":9}},"8":{"start":{"line":22,"column":34},"end":{"line":22,"column":71}},"9":{"start":{"line":23,"column":8},"end":{"line":23,"column":42}},"10":{"start":{"line":29,"column":8},"end":{"line":54,"column":9}},"11":{"start":{"line":31,"column":30},"end":{"line":47,"column":14}},"12":{"start":{"line":48,"column":12},"end":{"line":48,"column":38}},"13":{"start":{"line":52,"column":12},"end":{"line":52,"column":30}},"14":{"start":{"line":60,"column":28},"end":{"line":60,"column":107}},"15":{"start":{"line":62,"column":22},"end":{"line":62,"column":67}},"16":{"start":{"line":63,"column":8},"end":{"line":63,"column":49}},"17":{"start":{"line":64,"column":25},"end":{"line":64,"column":68}},"18":{"start":{"line":65,"column":8},"end":{"line":65,"column":55}},"19":{"start":{"line":67,"column":8},"end":{"line":67,"column":52}},"20":{"start":{"line":68,"column":8},"end":{"line":68,"column":52}},"21":{"start":{"line":69,"column":8},"end":{"line":69,"column":60}},"22":{"start":{"line":70,"column":8},"end":{"line":70,"column":56}},"23":{"start":{"line":71,"column":8},"end":{"line":71,"column":57}},"24":{"start":{"line":73,"column":8},"end":{"line":73,"column":32}},"25":{"start":{"line":75,"column":8},"end":{"line":75,"column":36}},"26":{"start":{"line":81,"column":8},"end":{"line":81,"column":87}},"27":{"start":{"line":83,"column":8},"end":{"line":83,"column":85}}},"fnMap":{"0":{"name":"(anonymous_0)","decl":{"start":{"line":8,"column":4},"end":{"line":8,"column":5}},"loc":{"start":{"line":8,"column":27},"end":{"line":25,"column":5}},"line":8},"1":{"name":"(anonymous_1)","decl":{"start":{"line":27,"column":4},"end":{"line":27,"column":5}},"loc":{"start":{"line":27,"column":25},"end":{"line":56,"column":5}},"line":27},"2":{"name":"(anonymous_2)","decl":{"start":{"line":58,"column":4},"end":{"line":58,"column":5}},"loc":{"start":{"line":58,"column":27},"end":{"line":77,"column":5}},"line":58},"3":{"name":"(anonymous_3)","decl":{"start":{"line":79,"column":4},"end":{"line":79,"column":5}},"loc":{"start":{"line":79,"column":27},"end":{"line":85,"column":5}},"line":79}},"branchMap":{},"s":{"0":1,"1":1,"2":1,"3":1,"4":1,"5":1,"6":1,"7":1,"8":1,"9":1,"10":1,"11":1,"12":1,"13":0,"14":1,"15":1,"16":1,"17":1,"18":1,"19":1,"20":1,"21":1,"22":1,"23":1,"24":1,"25":1,"26":1,"27":1},"f":{"0":1,"1":1,"2":1,"3":1},"b":{},"_coverageSchema":"1a1c01bbd47fc00a2c39e90264f33305004495a9","hash":"76a333b9896e65fcc084d96c762d255d3c6c4c29"}
,"D:\\outros-projetos\\portfolio\\backend\\controllers\\ClienteController.js": {"path":"D:\\outros-projetos\\portfolio\\backend\\controllers\\ClienteController.js","statementMap":{"0":{"start":{"line":1,"column":16},"end":{"line":1,"column":44}},"1":{"start":{"line":3,"column":0},"end":{"line":54,"column":1}},"2":{"start":{"line":7,"column":24},"end":{"line":11,"column":9}},"3":{"start":{"line":13,"column":26},"end":{"line":13,"column":55}},"4":{"start":{"line":14,"column":8},"end":{"line":14,"column":34}},"5":{"start":{"line":20,"column":8},"end":{"line":26,"column":9}},"6":{"start":{"line":21,"column":30},"end":{"line":21,"column":53}},"7":{"start":{"line":23,"column":12},"end":{"line":23,"column":38}},"8":{"start":{"line":25,"column":12},"end":{"line":25,"column":30}},"9":{"start":{"line":32,"column":24},"end":{"line":32,"column":91}},"10":{"start":{"line":34,"column":8},"end":{"line":34,"column":52}},"11":{"start":{"line":35,"column":8},"end":{"line":35,"column":58}},"12":{"start":{"line":36,"column":8},"end":{"line":36,"column":50}},"13":{"start":{"line":38,"column":8},"end":{"line":38,"column":28}},"14":{"start":{"line":40,"column":8},"end":{"line":40,"column":32}},"15":{"start":{"line":45,"column":8},"end":{"line":51,"column":9}},"16":{"start":{"line":46,"column":12},"end":{"line":46,"column":79}},"17":{"start":{"line":48,"column":12},"end":{"line":48,"column":83}},"18":{"start":{"line":50,"column":12},"end":{"line":50,"column":30}}},"fnMap":{"0":{"name":"(anonymous_0)","decl":{"start":{"line":5,"column":4},"end":{"line":5,"column":5}},"loc":{"start":{"line":5,"column":27},"end":{"line":16,"column":5}},"line":5},"1":{"name":"(anonymous_1)","decl":{"start":{"line":18,"column":4},"end":{"line":18,"column":5}},"loc":{"start":{"line":18,"column":25},"end":{"line":28,"column":5}},"line":18},"2":{"name":"(anonymous_2)","decl":{"start":{"line":30,"column":4},"end":{"line":30,"column":5}},"loc":{"start":{"line":30,"column":27},"end":{"line":42,"column":5}},"line":30},"3":{"name":"(anonymous_3)","decl":{"start":{"line":44,"column":4},"end":{"line":44,"column":5}},"loc":{"start":{"line":44,"column":27},"end":{"line":52,"column":5}},"line":44}},"branchMap":{},"s":{"0":1,"1":1,"2":1,"3":1,"4":1,"5":1,"6":1,"7":1,"8":0,"9":1,"10":1,"11":1,"12":1,"13":1,"14":1,"15":1,"16":1,"17":1,"18":0},"f":{"0":1,"1":1,"2":1,"3":1},"b":{},"_coverageSchema":"1a1c01bbd47fc00a2c39e90264f33305004495a9","hash":"af6c327150231f16ffd0b32888efc8270ae20072"}
,"D:\\outros-projetos\\portfolio\\backend\\controllers\\ComissoesController.js": {"path":"D:\\outros-projetos\\portfolio\\backend\\controllers\\ComissoesController.js","statementMap":{"0":{"start":{"line":1,"column":20},"end":{"line":1,"column":52}},"1":{"start":{"line":2,"column":18},"end":{"line":2,"column":48}},"2":{"start":{"line":3,"column":16},"end":{"line":3,"column":44}},"3":{"start":{"line":4,"column":15},"end":{"line":4,"column":35}},"4":{"start":{"line":6,"column":0},"end":{"line":45,"column":1}},"5":{"start":{"line":10,"column":54},"end":{"line":10,"column":63}},"6":{"start":{"line":12,"column":29},"end":{"line":19,"column":10}},"7":{"start":{"line":21,"column":32},"end":{"line":21,"column":91}},"8":{"start":{"line":21,"column":64},"end":{"line":21,"column":90}},"9":{"start":{"line":23,"column":27},"end":{"line":39,"column":10}},"10":{"start":{"line":41,"column":8},"end":{"line":41,"column":35}}},"fnMap":{"0":{"name":"(anonymous_0)","decl":{"start":{"line":8,"column":4},"end":{"line":8,"column":5}},"loc":{"start":{"line":8,"column":25},"end":{"line":43,"column":5}},"line":8},"1":{"name":"(anonymous_1)","decl":{"start":{"line":21,"column":49},"end":{"line":21,"column":50}},"loc":{"start":{"line":21,"column":64},"end":{"line":21,"column":90}},"line":21}},"branchMap":{},"s":{"0":1,"1":1,"2":1,"3":1,"4":1,"5":2,"6":2,"7":2,"8":20,"9":2,"10":2},"f":{"0":2,"1":20},"b":{},"_coverageSchema":"1a1c01bbd47fc00a2c39e90264f33305004495a9","hash":"f7313985ff3035712642529f3da8e605338f0bff"}
,"D:\\outros-projetos\\portfolio\\backend\\controllers\\FuncionarioController.js": {"path":"D:\\outros-projetos\\portfolio\\backend\\controllers\\FuncionarioController.js","statementMap":{"0":{"start":{"line":1,"column":20},"end":{"line":1,"column":52}},"1":{"start":{"line":3,"column":0},"end":{"line":54,"column":1}},"2":{"start":{"line":7,"column":28},"end":{"line":11,"column":9}},"3":{"start":{"line":13,"column":26},"end":{"line":13,"column":63}},"4":{"start":{"line":14,"column":8},"end":{"line":14,"column":34}},"5":{"start":{"line":20,"column":8},"end":{"line":26,"column":9}},"6":{"start":{"line":21,"column":30},"end":{"line":21,"column":57}},"7":{"start":{"line":23,"column":12},"end":{"line":23,"column":38}},"8":{"start":{"line":25,"column":12},"end":{"line":25,"column":30}},"9":{"start":{"line":32,"column":28},"end":{"line":32,"column":107}},"10":{"start":{"line":34,"column":8},"end":{"line":34,"column":64}},"11":{"start":{"line":35,"column":8},"end":{"line":35,"column":70}},"12":{"start":{"line":36,"column":8},"end":{"line":36,"column":61}},"13":{"start":{"line":38,"column":8},"end":{"line":38,"column":32}},"14":{"start":{"line":40,"column":8},"end":{"line":40,"column":36}},"15":{"start":{"line":45,"column":8},"end":{"line":51,"column":9}},"16":{"start":{"line":46,"column":12},"end":{"line":46,"column":91}},"17":{"start":{"line":48,"column":12},"end":{"line":48,"column":87}},"18":{"start":{"line":50,"column":12},"end":{"line":50,"column":30}}},"fnMap":{"0":{"name":"(anonymous_0)","decl":{"start":{"line":5,"column":4},"end":{"line":5,"column":5}},"loc":{"start":{"line":5,"column":27},"end":{"line":16,"column":5}},"line":5},"1":{"name":"(anonymous_1)","decl":{"start":{"line":18,"column":4},"end":{"line":18,"column":5}},"loc":{"start":{"line":18,"column":25},"end":{"line":28,"column":5}},"line":18},"2":{"name":"(anonymous_2)","decl":{"start":{"line":30,"column":4},"end":{"line":30,"column":5}},"loc":{"start":{"line":30,"column":27},"end":{"line":42,"column":5}},"line":30},"3":{"name":"(anonymous_3)","decl":{"start":{"line":44,"column":4},"end":{"line":44,"column":5}},"loc":{"start":{"line":44,"column":27},"end":{"line":52,"column":5}},"line":44}},"branchMap":{},"s":{"0":1,"1":1,"2":1,"3":1,"4":1,"5":1,"6":1,"7":1,"8":0,"9":1,"10":1,"11":1,"12":1,"13":1,"14":1,"15":1,"16":1,"17":1,"18":0},"f":{"0":1,"1":1,"2":1,"3":1},"b":{},"_coverageSchema":"1a1c01bbd47fc00a2c39e90264f33305004495a9","hash":"fbf370bcb28e8b2a699ffc1cfb0f5fbf593f483e"}
,"D:\\outros-projetos\\portfolio\\backend\\controllers\\PagamentoController.js": {"path":"D:\\outros-projetos\\portfolio\\backend\\controllers\\PagamentoController.js","statementMap":{"0":{"start":{"line":1,"column":20},"end":{"line":1,"column":52}},"1":{"start":{"line":2,"column":18},"end":{"line":2,"column":48}},"2":{"start":{"line":4,"column":0},"end":{"line":122,"column":1}},"3":{"start":{"line":8,"column":26},"end":{"line":14,"column":9}},"4":{"start":{"line":16,"column":32},"end":{"line":16,"column":65}},"5":{"start":{"line":18,"column":28},"end":{"line":18,"column":105}},"6":{"start":{"line":19,"column":8},"end":{"line":19,"column":28}},"7":{"start":{"line":20,"column":8},"end":{"line":20,"column":32}},"8":{"start":{"line":22,"column":8},"end":{"line":22,"column":40}},"9":{"start":{"line":28,"column":8},"end":{"line":90,"column":9}},"10":{"start":{"line":29,"column":37},"end":{"line":29,"column":46}},"11":{"start":{"line":30,"column":35},"end":{"line":30,"column":44}},"12":{"start":{"line":32,"column":12},"end":{"line":72,"column":13}},"13":{"start":{"line":33,"column":16},"end":{"line":51,"column":17}},"14":{"start":{"line":35,"column":38},"end":{"line":44,"column":22}},"15":{"start":{"line":45,"column":20},"end":{"line":45,"column":46}},"16":{"start":{"line":49,"column":20},"end":{"line":49,"column":38}},"17":{"start":{"line":52,"column":19},"end":{"line":72,"column":13}},"18":{"start":{"line":53,"column":16},"end":{"line":71,"column":17}},"19":{"start":{"line":55,"column":38},"end":{"line":64,"column":22}},"20":{"start":{"line":65,"column":20},"end":{"line":65,"column":46}},"21":{"start":{"line":69,"column":20},"end":{"line":69,"column":38}},"22":{"start":{"line":74,"column":12},"end":{"line":89,"column":13}},"23":{"start":{"line":76,"column":34},"end":{"line":82,"column":18}},"24":{"start":{"line":83,"column":16},"end":{"line":83,"column":42}},"25":{"start":{"line":87,"column":16},"end":{"line":87,"column":34}},"26":{"start":{"line":96,"column":26},"end":{"line":96,"column":99}},"27":{"start":{"line":98,"column":8},"end":{"line":98,"column":54}},"28":{"start":{"line":99,"column":8},"end":{"line":99,"column":60}},"29":{"start":{"line":100,"column":8},"end":{"line":100,"column":46}},"30":{"start":{"line":101,"column":8},"end":{"line":101,"column":62}},"31":{"start":{"line":102,"column":8},"end":{"line":102,"column":58}},"32":{"start":{"line":104,"column":8},"end":{"line":104,"column":30}},"33":{"start":{"line":106,"column":8},"end":{"line":106,"column":34}},"34":{"start":{"line":112,"column":8},"end":{"line":112,"column":81}},"35":{"start":{"line":118,"column":8},"end":{"line":118,"column":83}}},"fnMap":{"0":{"name":"(anonymous_0)","decl":{"start":{"line":6,"column":4},"end":{"line":6,"column":5}},"loc":{"start":{"line":6,"column":27},"end":{"line":24,"column":5}},"line":6},"1":{"name":"(anonymous_1)","decl":{"start":{"line":26,"column":4},"end":{"line":26,"column":5}},"loc":{"start":{"line":26,"column":25},"end":{"line":92,"column":5}},"line":26},"2":{"name":"(anonymous_2)","decl":{"start":{"line":94,"column":4},"end":{"line":94,"column":5}},"loc":{"start":{"line":94,"column":27},"end":{"line":108,"column":5}},"line":94},"3":{"name":"(anonymous_3)","decl":{"start":{"line":110,"column":4},"end":{"line":110,"column":5}},"loc":{"start":{"line":110,"column":27},"end":{"line":120,"column":5}},"line":110}},"branchMap":{"0":{"loc":{"start":{"line":28,"column":8},"end":{"line":90,"column":9}},"type":"if","locations":[{"start":{"line":28,"column":8},"end":{"line":90,"column":9}},{"start":{"line":73,"column":15},"end":{"line":90,"column":9}}],"line":28},"1":{"loc":{"start":{"line":32,"column":12},"end":{"line":72,"column":13}},"type":"if","locations":[{"start":{"line":32,"column":12},"end":{"line":72,"column":13}},{"start":{"line":52,"column":19},"end":{"line":72,"column":13}}],"line":32},"2":{"loc":{"start":{"line":52,"column":19},"end":{"line":72,"column":13}},"type":"if","locations":[{"start":{"line":52,"column":19},"end":{"line":72,"column":13}},{"start":{},"end":{}}],"line":52}},"s":{"0":1,"1":1,"2":1,"3":1,"4":1,"5":1,"6":1,"7":1,"8":1,"9":1,"10":0,"11":0,"12":0,"13":0,"14":0,"15":0,"16":0,"17":0,"18":0,"19":0,"20":0,"21":0,"22":1,"23":1,"24":1,"25":0,"26":1,"27":1,"28":1,"29":1,"30":1,"31":1,"32":1,"33":1,"34":1,"35":1},"f":{"0":1,"1":1,"2":1,"3":1},"b":{"0":[0,1],"1":[0,0],"2":[0,0]},"_coverageSchema":"1a1c01bbd47fc00a2c39e90264f33305004495a9","hash":"779efc80061a596e8728fc30e2a8a77ff2e392c2"}
,"D:\\outros-projetos\\portfolio\\backend\\controllers\\RelatorioPagamentoController.js": {"path":"D:\\outros-projetos\\portfolio\\backend\\controllers\\RelatorioPagamentoController.js","statementMap":{"0":{"start":{"line":1,"column":20},"end":{"line":1,"column":52}},"1":{"start":{"line":2,"column":18},"end":{"line":2,"column":48}},"2":{"start":{"line":3,"column":16},"end":{"line":3,"column":44}},"3":{"start":{"line":4,"column":15},"end":{"line":4,"column":35}},"4":{"start":{"line":6,"column":0},"end":{"line":45,"column":1}},"5":{"start":{"line":10,"column":58},"end":{"line":10,"column":67}},"6":{"start":{"line":12,"column":29},"end":{"line":18,"column":10}},"7":{"start":{"line":20,"column":32},"end":{"line":20,"column":91}},"8":{"start":{"line":20,"column":64},"end":{"line":20,"column":90}},"9":{"start":{"line":22,"column":27},"end":{"line":39,"column":10}},"10":{"start":{"line":41,"column":8},"end":{"line":41,"column":35}}},"fnMap":{"0":{"name":"(anonymous_0)","decl":{"start":{"line":8,"column":4},"end":{"line":8,"column":5}},"loc":{"start":{"line":8,"column":25},"end":{"line":43,"column":5}},"line":8},"1":{"name":"(anonymous_1)","decl":{"start":{"line":20,"column":49},"end":{"line":20,"column":50}},"loc":{"start":{"line":20,"column":64},"end":{"line":20,"column":90}},"line":20}},"branchMap":{},"s":{"0":1,"1":1,"2":1,"3":1,"4":1,"5":2,"6":2,"7":2,"8":29,"9":2,"10":2},"f":{"0":2,"1":29},"b":{},"_coverageSchema":"1a1c01bbd47fc00a2c39e90264f33305004495a9","hash":"f4e28eb2a0081ad880d32bb42f0f5402e6d8150d"}
,"D:\\outros-projetos\\portfolio\\backend\\controllers\\ServicoController.js": {"path":"D:\\outros-projetos\\portfolio\\backend\\controllers\\ServicoController.js","statementMap":{"0":{"start":{"line":1,"column":16},"end":{"line":1,"column":44}},"1":{"start":{"line":3,"column":0},"end":{"line":54,"column":1}},"2":{"start":{"line":7,"column":24},"end":{"line":11,"column":9}},"3":{"start":{"line":13,"column":26},"end":{"line":13,"column":55}},"4":{"start":{"line":14,"column":8},"end":{"line":14,"column":34}},"5":{"start":{"line":20,"column":8},"end":{"line":26,"column":9}},"6":{"start":{"line":21,"column":30},"end":{"line":21,"column":53}},"7":{"start":{"line":23,"column":12},"end":{"line":23,"column":38}},"8":{"start":{"line":25,"column":12},"end":{"line":25,"column":30}},"9":{"start":{"line":32,"column":24},"end":{"line":32,"column":91}},"10":{"start":{"line":34,"column":8},"end":{"line":34,"column":52}},"11":{"start":{"line":35,"column":8},"end":{"line":35,"column":54}},"12":{"start":{"line":36,"column":8},"end":{"line":36,"column":60}},"13":{"start":{"line":38,"column":8},"end":{"line":38,"column":28}},"14":{"start":{"line":40,"column":8},"end":{"line":40,"column":32}},"15":{"start":{"line":45,"column":8},"end":{"line":51,"column":9}},"16":{"start":{"line":46,"column":12},"end":{"line":46,"column":79}},"17":{"start":{"line":48,"column":12},"end":{"line":48,"column":83}},"18":{"start":{"line":50,"column":12},"end":{"line":50,"column":30}}},"fnMap":{"0":{"name":"(anonymous_0)","decl":{"start":{"line":5,"column":4},"end":{"line":5,"column":5}},"loc":{"start":{"line":5,"column":27},"end":{"line":16,"column":5}},"line":5},"1":{"name":"(anonymous_1)","decl":{"start":{"line":18,"column":4},"end":{"line":18,"column":5}},"loc":{"start":{"line":18,"column":25},"end":{"line":28,"column":5}},"line":18},"2":{"name":"(anonymous_2)","decl":{"start":{"line":30,"column":4},"end":{"line":30,"column":5}},"loc":{"start":{"line":30,"column":27},"end":{"line":42,"column":5}},"line":30},"3":{"name":"(anonymous_3)","decl":{"start":{"line":44,"column":4},"end":{"line":44,"column":5}},"loc":{"start":{"line":44,"column":27},"end":{"line":52,"column":5}},"line":44}},"branchMap":{},"s":{"0":1,"1":1,"2":1,"3":1,"4":1,"5":1,"6":1,"7":1,"8":0,"9":1,"10":1,"11":1,"12":1,"13":1,"14":1,"15":1,"16":1,"17":1,"18":0},"f":{"0":1,"1":1,"2":1,"3":1},"b":{},"_coverageSchema":"1a1c01bbd47fc00a2c39e90264f33305004495a9","hash":"b370b82038c5971bf6b560749cadebef4c73362b"}
,"D:\\outros-projetos\\portfolio\\backend\\database\\connection.js": {"path":"D:\\outros-projetos\\portfolio\\backend\\database\\connection.js","statementMap":{"0":{"start":{"line":1,"column":18},"end":{"line":1,"column":38}},"1":{"start":{"line":2,"column":17},"end":{"line":2,"column":38}},"2":{"start":{"line":4,"column":19},"end":{"line":4,"column":42}},"3":{"start":{"line":6,"column":0},"end":{"line":6,"column":27}}},"fnMap":{},"branchMap":{},"s":{"0":7,"1":7,"2":7,"3":7},"f":{},"b":{},"_coverageSchema":"1a1c01bbd47fc00a2c39e90264f33305004495a9","hash":"763895b062ba647b0cc3f4ca0ed21335d9cb0a29"}
,"D:\\outros-projetos\\portfolio\\backend\\database\\database.js": {"path":"D:\\outros-projetos\\portfolio\\backend\\database\\database.js","statementMap":{"0":{"start":{"line":1,"column":0},"end":{"line":20,"column":1}}},"fnMap":{},"branchMap":{},"s":{"0":7},"f":{},"b":{},"_coverageSchema":"1a1c01bbd47fc00a2c39e90264f33305004495a9","hash":"3d515c63149a6782d4b3e470ceccef6f933da7e7"}
,"D:\\outros-projetos\\portfolio\\backend\\models\\Agendamento.js": {"path":"D:\\outros-projetos\\portfolio\\backend\\models\\Agendamento.js","statementMap":{"0":{"start":{"line":1,"column":33},"end":{"line":1,"column":53}},"1":{"start":{"line":2,"column":18},"end":{"line":2,"column":51}},"2":{"start":{"line":4,"column":16},"end":{"line":4,"column":36}},"3":{"start":{"line":5,"column":16},"end":{"line":5,"column":36}},"4":{"start":{"line":6,"column":20},"end":{"line":6,"column":44}},"5":{"start":{"line":8,"column":20},"end":{"line":44,"column":2}},"6":{"start":{"line":46,"column":0},"end":{"line":46,"column":73}},"7":{"start":{"line":47,"column":0},"end":{"line":47,"column":73}},"8":{"start":{"line":48,"column":0},"end":{"line":48,"column":85}},"9":{"start":{"line":50,"column":0},"end":{"line":50,"column":28}}},"fnMap":{},"branchMap":{},"s":{"0":4,"1":4,"2":4,"3":4,"4":4,"5":4,"6":4,"7":4,"8":4,"9":4},"f":{},"b":{},"_coverageSchema":"1a1c01bbd47fc00a2c39e90264f33305004495a9","hash":"b8e8c9d8b86b3c6694c03ee0eefed3a9a0875b9a"}
,"D:\\outros-projetos\\portfolio\\backend\\models\\Cliente.js": {"path":"D:\\outros-projetos\\portfolio\\backend\\models\\Cliente.js","statementMap":{"0":{"start":{"line":1,"column":33},"end":{"line":1,"column":53}},"1":{"start":{"line":2,"column":18},"end":{"line":2,"column":51}},"2":{"start":{"line":4,"column":16},"end":{"line":28,"column":2}},"3":{"start":{"line":30,"column":0},"end":{"line":30,"column":24}}},"fnMap":{},"branchMap":{},"s":{"0":5,"1":5,"2":5,"3":5},"f":{},"b":{},"_coverageSchema":"1a1c01bbd47fc00a2c39e90264f33305004495a9","hash":"18a30e99aeb37308336303279d92b72aa8f7786b"}
,"D:\\outros-projetos\\portfolio\\backend\\models\\Funcionario.js": {"path":"D:\\outros-projetos\\portfolio\\backend\\models\\Funcionario.js","statementMap":{"0":{"start":{"line":1,"column":33},"end":{"line":1,"column":53}},"1":{"start":{"line":2,"column":18},"end":{"line":2,"column":51}},"2":{"start":{"line":4,"column":20},"end":{"line":28,"column":2}},"3":{"start":{"line":30,"column":0},"end":{"line":30,"column":28}}},"fnMap":{},"branchMap":{},"s":{"0":5,"1":5,"2":5,"3":5},"f":{},"b":{},"_coverageSchema":"1a1c01bbd47fc00a2c39e90264f33305004495a9","hash":"ef658dd1e4ab6bd633f0fc41d578e12f6145ed97"}
,"D:\\outros-projetos\\portfolio\\backend\\models\\Pagamento.js": {"path":"D:\\outros-projetos\\portfolio\\backend\\models\\Pagamento.js","statementMap":{"0":{"start":{"line":1,"column":33},"end":{"line":1,"column":53}},"1":{"start":{"line":2,"column":18},"end":{"line":2,"column":51}},"2":{"start":{"line":4,"column":20},"end":{"line":4,"column":44}},"3":{"start":{"line":6,"column":18},"end":{"line":38,"column":2}},"4":{"start":{"line":40,"column":0},"end":{"line":40,"column":83}},"5":{"start":{"line":42,"column":0},"end":{"line":42,"column":26}}},"fnMap":{},"branchMap":{},"s":{"0":3,"1":3,"2":3,"3":3,"4":3,"5":3},"f":{},"b":{},"_coverageSchema":"1a1c01bbd47fc00a2c39e90264f33305004495a9","hash":"eee592989e3b40537b24d36c565d34ed5ef077f9"}
,"D:\\outros-projetos\\portfolio\\backend\\models\\Servico.js": {"path":"D:\\outros-projetos\\portfolio\\backend\\models\\Servico.js","statementMap":{"0":{"start":{"line":1,"column":33},"end":{"line":1,"column":53}},"1":{"start":{"line":2,"column":18},"end":{"line":2,"column":51}},"2":{"start":{"line":4,"column":16},"end":{"line":28,"column":2}},"3":{"start":{"line":30,"column":0},"end":{"line":30,"column":24}}},"fnMap":{},"branchMap":{},"s":{"0":5,"1":5,"2":5,"3":5},"f":{},"b":{},"_coverageSchema":"1a1c01bbd47fc00a2c39e90264f33305004495a9","hash":"4554ffca37e4c759aa658102e6929847a07769f8"}
}
