TN:
SF:controllers\AgendamentoController.js
FN:8,(anonymous_0)
FN:27,(anonymous_1)
FN:58,(anonymous_2)
FN:79,(anonymous_3)
FNF:4
FNH:4
FNDA:1,(anonymous_0)
FNDA:1,(anonymous_1)
FNDA:1,(anonymous_2)
FNDA:1,(anonymous_3)
DA:1,1
DA:2,1
DA:3,1
DA:4,1
DA:6,1
DA:10,1
DA:11,1
DA:13,1
DA:22,1
DA:23,1
DA:29,1
DA:31,1
DA:48,1
DA:52,0
DA:60,1
DA:62,1
DA:63,1
DA:64,1
DA:65,1
DA:67,1
DA:68,1
DA:69,1
DA:70,1
DA:71,1
DA:73,1
DA:75,1
DA:81,1
DA:83,1
LF:28
LH:27
BRF:0
BRH:0
end_of_record
TN:
SF:controllers\ClienteController.js
FN:5,(anonymous_0)
FN:18,(anonymous_1)
FN:30,(anonymous_2)
FN:44,(anonymous_3)
FNF:4
FNH:4
FNDA:1,(anonymous_0)
FNDA:1,(anonymous_1)
FNDA:1,(anonymous_2)
FNDA:1,(anonymous_3)
DA:1,1
DA:3,1
DA:7,1
DA:13,1
DA:14,1
DA:20,1
DA:21,1
DA:23,1
DA:25,0
DA:32,1
DA:34,1
DA:35,1
DA:36,1
DA:38,1
DA:40,1
DA:45,1
DA:46,1
DA:48,1
DA:50,0
LF:19
LH:17
BRF:0
BRH:0
end_of_record
TN:
SF:controllers\ComissoesController.js
FN:8,(anonymous_0)
FN:21,(anonymous_1)
FNF:2
FNH:2
FNDA:2,(anonymous_0)
FNDA:20,(anonymous_1)
DA:1,1
DA:2,1
DA:3,1
DA:4,1
DA:6,1
DA:10,2
DA:12,2
DA:21,20
DA:23,2
DA:41,2
LF:10
LH:10
BRF:0
BRH:0
end_of_record
TN:
SF:controllers\FuncionarioController.js
FN:5,(anonymous_0)
FN:18,(anonymous_1)
FN:30,(anonymous_2)
FN:44,(anonymous_3)
FNF:4
FNH:4
FNDA:1,(anonymous_0)
FNDA:1,(anonymous_1)
FNDA:1,(anonymous_2)
FNDA:1,(anonymous_3)
DA:1,1
DA:3,1
DA:7,1
DA:13,1
DA:14,1
DA:20,1
DA:21,1
DA:23,1
DA:25,0
DA:32,1
DA:34,1
DA:35,1
DA:36,1
DA:38,1
DA:40,1
DA:45,1
DA:46,1
DA:48,1
DA:50,0
LF:19
LH:17
BRF:0
BRH:0
end_of_record
TN:
SF:controllers\PagamentoController.js
FN:6,(anonymous_0)
FN:26,(anonymous_1)
FN:94,(anonymous_2)
FN:110,(anonymous_3)
FNF:4
FNH:4
FNDA:1,(anonymous_0)
FNDA:1,(anonymous_1)
FNDA:1,(anonymous_2)
FNDA:1,(anonymous_3)
DA:1,1
DA:2,1
DA:4,1
DA:8,1
DA:16,1
DA:18,1
DA:19,1
DA:20,1
DA:22,1
DA:28,1
DA:29,0
DA:30,0
DA:32,0
DA:33,0
DA:35,0
DA:45,0
DA:49,0
DA:52,0
DA:53,0
DA:55,0
DA:65,0
DA:69,0
DA:74,1
DA:76,1
DA:83,1
DA:87,0
DA:96,1
DA:98,1
DA:99,1
DA:100,1
DA:101,1
DA:102,1
DA:104,1
DA:106,1
DA:112,1
DA:118,1
LF:36
LH:23
BRDA:28,0,0,0
BRDA:28,0,1,1
BRDA:32,1,0,0
BRDA:32,1,1,0
BRDA:52,2,0,0
BRDA:52,2,1,0
BRF:6
BRH:1
end_of_record
TN:
SF:controllers\RelatorioPagamentoController.js
FN:8,(anonymous_0)
FN:20,(anonymous_1)
FNF:2
FNH:2
FNDA:2,(anonymous_0)
FNDA:29,(anonymous_1)
DA:1,1
DA:2,1
DA:3,1
DA:4,1
DA:6,1
DA:10,2
DA:12,2
DA:20,29
DA:22,2
DA:41,2
LF:10
LH:10
BRF:0
BRH:0
end_of_record
TN:
SF:controllers\ServicoController.js
FN:5,(anonymous_0)
FN:18,(anonymous_1)
FN:30,(anonymous_2)
FN:44,(anonymous_3)
FNF:4
FNH:4
FNDA:1,(anonymous_0)
FNDA:1,(anonymous_1)
FNDA:1,(anonymous_2)
FNDA:1,(anonymous_3)
DA:1,1
DA:3,1
DA:7,1
DA:13,1
DA:14,1
DA:20,1
DA:21,1
DA:23,1
DA:25,0
DA:32,1
DA:34,1
DA:35,1
DA:36,1
DA:38,1
DA:40,1
DA:45,1
DA:46,1
DA:48,1
DA:50,0
LF:19
LH:17
BRF:0
BRH:0
end_of_record
TN:
SF:database\connection.js
FNF:0
FNH:0
DA:1,7
DA:2,7
DA:4,7
DA:6,7
LF:4
LH:4
BRF:0
BRH:0
end_of_record
TN:
SF:database\database.js
FNF:0
FNH:0
DA:1,7
LF:1
LH:1
BRF:0
BRH:0
end_of_record
TN:
SF:models\Agendamento.js
FNF:0
FNH:0
DA:1,4
DA:2,4
DA:4,4
DA:5,4
DA:6,4
DA:8,4
DA:46,4
DA:47,4
DA:48,4
DA:50,4
LF:10
LH:10
BRF:0
BRH:0
end_of_record
TN:
SF:models\Cliente.js
FNF:0
FNH:0
DA:1,5
DA:2,5
DA:4,5
DA:30,5
LF:4
LH:4
BRF:0
BRH:0
end_of_record
TN:
SF:models\Funcionario.js
FNF:0
FNH:0
DA:1,5
DA:2,5
DA:4,5
DA:30,5
LF:4
LH:4
BRF:0
BRH:0
end_of_record
TN:
SF:models\Pagamento.js
FNF:0
FNH:0
DA:1,3
DA:2,3
DA:4,3
DA:6,3
DA:40,3
DA:42,3
LF:6
LH:6
BRF:0
BRH:0
end_of_record
TN:
SF:models\Servico.js
FNF:0
FNH:0
DA:1,5
DA:2,5
DA:4,5
DA:30,5
LF:4
LH:4
BRF:0
BRH:0
end_of_record
